Build started 25/05/2012 16:37:25.
     1>Project "C:\Users\bombpersons\Desktop\SVN\ROTMGClient\ROTMGClient\ROTMGClient.vcxproj" on node 2 (build target(s)).
     1>InitializeBuildStatus:
         Creating "Release\ROTMGClient.unsuccessfulbuild" because "AlwaysCreate" was specified.
       ClCompile:
         C:\Program Files (x86)\Microsoft Visual Studio 10.0\VC\bin\CL.exe /c /Zi /nologo /W3 /WX- /O2 /Oi /Oy- /GL /D _MBCS /Gm- /EHsc /MD /GS /Gy /fp:precise /Zc:wchar_t /Zc:forScope /Fo"Release\\" /Fd"Release\vc100.pdb" /Gd /TP /analyze- /errorReport:prompt Src\main.cpp
         main.cpp
       Link:
         C:\Program Files (x86)\Microsoft Visual Studio 10.0\VC\bin\link.exe /ERRORREPORT:PROMPT /OUT:"C:\Users\bombpersons\Desktop\SVN\ROTMGClient\Release\ROTMGClient.exe" /NOLOGO user32.lib Advapi32.lib botan.lib /MANIFEST /ManifestFile:"Release\ROTMGClient.exe.intermediate.manifest" /MANIFESTUAC:"level='asInvoker' uiAccess='false'" /DEBUG /PDB:"C:\Users\bombpersons\Desktop\SVN\ROTMGClient\Release\ROTMGClient.pdb" /OPT:REF /OPT:ICF /LTCG /TLBID:1 /DYNAMICBASE /NXCOMPAT /IMPLIB:"C:\Users\bombpersons\Desktop\SVN\ROTMGClient\Release\ROTMGClient.lib" /MACHINE:X86 Release\Base64.obj
         Release\main.obj
         Release\BaseConverter.obj
         Release\Encryption.obj
         Generating code
         Finished generating code
         ROTMGClient.vcxproj -> C:\Users\bombpersons\Desktop\SVN\ROTMGClient\Release\ROTMGClient.exe
       Manifest:
         C:\Program Files (x86)\Microsoft SDKs\Windows\v7.0A\bin\mt.exe /nologo /verbose /outputresource:"C:\Users\bombpersons\Desktop\SVN\ROTMGClient\Release\ROTMGClient.exe;#1" /manifest Release\ROTMGClient.exe.intermediate.manifest
       FinalizeBuildStatus:
         Deleting file "Release\ROTMGClient.unsuccessfulbuild".
         Touching "Release\ROTMGClient.lastbuildstate".
     1>Done Building Project "C:\Users\bombpersons\Desktop\SVN\ROTMGClient\ROTMGClient\ROTMGClient.vcxproj" (build target(s)).

Build succeeded.

Time Elapsed 00:00:02.77
